
dose2012: system execution failed.

dose2012: system execution failed.

dose2012: system execution failed.
tionsFollowing is the set of recorded exceptions:

:

wing is the set of recorded exceptions******************************** Thread exception *****************************
:

******************************** Thread exception *****************************
In thread           Root thread            0x0 (thread id)
******************************** Thread exception *****************************
In thread           Root thread            0x0 (thread id)
In thread           Root thread            0x0 (thread id)
*******************
*******************************************************************************
*******************************************************************************
-------------------------------------------------------------------------------
-------------------------------------------------------------------------------
Class / Object      Routine                Nature of exception           Effect
Class / Object      Routine                Nature of exception           Effect
-------------------------------------------------------------------------------
-------------------------------------------------------------------------------
NETWORK_STREAM_SOCKET
NETWORK_STREAM_SOCKET
_net_retrieved      Retrieve: unable to read type of storable.:
                    eif_net_retrieved      Retrieve: unable to read type of storable.:
                    eif_net_retrieved      Retrieve: unable to read type of storable.:
<0000000002300A48>  <0000000002170A48>  (From SOCKET)          Runtime I/O error.            Fail
-------------------------------------------------------------------------------
(From SOCKET)          Runtime I/O error.            Fail
-------------------------------------------------------------------------------
NETWORK_STREAM_SOCKET
NETWORK_STREAM_SOCKET
NETWORK_STREAM_SOCKET
                    eif_net_retrieved      
                    eif_net_retrieved      
                    eif_net_retrieved      
<0000000002360A48>  <0000000002300A48>  <0000000002170A48>  (From SOCKET)          Routine failure.              Fail
-------------------------------------------------------------------------------
(From SOCKET)          Routine failure.              Fail
-------------------------------------------------------------------------------
(From SOCKET)          Routine failure.              Fail
-------------------------------------------------------------------------------
NETWORK_STREAM_SOCKET
NETWORK_STREAM_SOCKET
                    retrieved @7           
                    retrieved @7           
<0000000002360A48>  <0000000002300A48>  (From SOCKET)          Routine failure.              Fail
-------------------------------------------------------------------------------
(From SOCKET)          Routine failure.              Fail
-------------------------------------------------------------------------------
EQA_EVALUATOR       main_loop @6                                        
EQA_EVALUATOR       main_loop @6                                        
<0000000002360588>  <0000000002300588>                         Routine failure.              Rescue
-------------------------------------------------------------------------------
                       Routine failure.              Rescue
-------------------------------------------------------------------------------
EQA_EVALUATOR       make @7                                             
EQA_EVALUATOR       make @7                                             
<0000000002360588>  <0000000002300588>                         Routine failure.              Fail
-------------------------------------------------------------------------------
                       Routine failure.              Fail
-------------------------------------------------------------------------------
EQA_EVALUATOR       root's creation                                     
EQA_EVALUATOR       root's creation                                     
<0000000002360588>  <0000000002300588>                         Routine failure.              Exit
-------------------------------------------------------------------------------
                       Routine failure.              Exit
-------------------------------------------------------------------------------
NETWORK_STREAM_SOCKET
                    retrieved @7           
<0000000002170A48>  (From SOCKET)          Routine failure.              Fail
-------------------------------------------------------------------------------
EQA_EVALUATOR       main_loop @6                                        
<0000000002170588>                         Routine failure.              Rescue
-------------------------------------------------------------------------------
EQA_EVALUATOR       make @7                                             
<0000000002170588>                         Routine failure.              Fail
-------------------------------------------------------------------------------
EQA_EVALUATOR       root's creation                                     
<0000000002170588>                         Routine failure.              Exit
-------------------------------------------------------------------------------
